2026-02-26T20:49:51.090+01:00  INFO 2632 --- [main] com.App                                  : Starting App using Java 21.0.8 with PID 2632 (C:\Users\abelqasm\Desktop\Clean-Archi\my-java-app\target\classes started by abelqasm in C:\Users\abelqasm\Desktop\Clean-Archi\my-java-app)
2026-02-26T20:49:51.091+01:00  INFO 2632 --- [main] com.App                                  : No active profile set, falling back to 1 default profile: "default"
2026-02-26T20:49:51.660+01:00  INFO 2632 --- [main] o.s.b.w.embedded.tomcat.TomcatWebServer  : Tomcat initialized with port 8080 (http)
2026-02-26T20:49:51.669+01:00  INFO 2632 --- [main] o.apache.catalina.core.StandardService   : Starting service [Tomcat]
2026-02-26T20:49:51.672+01:00  INFO 2632 --- [main] o.apache.catalina.core.StandardEngine    : Starting Servlet engine: [Apache Tomcat/10.1.18]
2026-02-26T20:49:51.702+01:00  INFO 2632 --- [main] o.a.c.c.C.[Tomcat].[localhost].[/]       : Initializing Spring embedded WebApplicationContext
2026-02-26T20:49:51.702+01:00  INFO 2632 --- [main] w.s.c.ServletWebServerApplicationContext : Root WebApplicationContext: initialization completed in 584 ms
2026-02-26T20:49:51.925+01:00  INFO 2632 --- [main] o.s.b.w.embedded.tomcat.TomcatWebServer  : Tomcat started on port 8080 (http) with context path ''
2026-02-26T20:49:51.931+01:00  INFO 2632 --- [main] com.App                                  : Started App in 1.088 seconds (process running for 1.279)
2026-02-26T20:53:27.874+01:00  INFO 26840 --- [main] com.App                                  : Starting App using Java 21.0.8 with PID 26840 (C:\Users\abelqasm\Desktop\Clean-Archi\my-java-app\target\classes started by abelqasm in C:\Users\abelqasm\Desktop\Clean-Archi\my-java-app)
2026-02-26T20:53:27.876+01:00  INFO 26840 --- [main] com.App                                  : No active profile set, falling back to 1 default profile: "default"
2026-02-26T20:53:28.432+01:00  INFO 26840 --- [main] o.s.b.w.embedded.tomcat.TomcatWebServer  : Tomcat initialized with port 8080 (http)
2026-02-26T20:53:28.440+01:00  INFO 26840 --- [main] o.apache.catalina.core.StandardService   : Starting service [Tomcat]
2026-02-26T20:53:28.441+01:00  INFO 26840 --- [main] o.apache.catalina.core.StandardEngine    : Starting Servlet engine: [Apache Tomcat/10.1.18]
2026-02-26T20:53:28.470+01:00  INFO 26840 --- [main] o.a.c.c.C.[Tomcat].[localhost].[/]       : Initializing Spring embedded WebApplicationContext
2026-02-26T20:53:28.471+01:00  INFO 26840 --- [main] w.s.c.ServletWebServerApplicationContext : Root WebApplicationContext: initialization completed in 559 ms
2026-02-26T20:53:28.663+01:00  INFO 26840 --- [main] o.s.b.w.embedded.tomcat.TomcatWebServer  : Tomcat started on port 8080 (http) with context path ''
2026-02-26T20:53:28.668+01:00  INFO 26840 --- [main] com.App                                  : Started App in 1.071 seconds (process running for 1.258)
2026-02-26T20:55:47.717+01:00  INFO 8808 --- [main] com.App                                  : Starting App using Java 21.0.8 with PID 8808 (C:\Users\abelqasm\Desktop\Clean-Archi\my-java-app\target\classes started by abelqasm in C:\Users\abelqasm\Desktop\Clean-Archi\my-java-app)
2026-02-26T20:55:47.719+01:00  INFO 8808 --- [main] com.App                                  : No active profile set, falling back to 1 default profile: "default"
2026-02-26T20:55:48.278+01:00  INFO 8808 --- [main] o.s.b.w.embedded.tomcat.TomcatWebServer  : Tomcat initialized with port 8080 (http)
2026-02-26T20:55:48.287+01:00  INFO 8808 --- [main] o.apache.catalina.core.StandardService   : Starting service [Tomcat]
2026-02-26T20:55:48.287+01:00  INFO 8808 --- [main] o.apache.catalina.core.StandardEngine    : Starting Servlet engine: [Apache Tomcat/10.1.18]
2026-02-26T20:55:48.315+01:00  INFO 8808 --- [main] o.a.c.c.C.[Tomcat].[localhost].[/]       : Initializing Spring embedded WebApplicationContext
2026-02-26T20:55:48.315+01:00  INFO 8808 --- [main] w.s.c.ServletWebServerApplicationContext : Root WebApplicationContext: initialization completed in 567 ms
2026-02-26T20:55:48.517+01:00  WARN 8808 --- [main] ConfigServletWebServerApplicationContext : Exception encountered during context initialization - cancelling refresh attempt: org.springframework.context.ApplicationContextException: Failed to start bean 'webServerStartStop'
2026-02-26T20:55:48.526+01:00  INFO 8808 --- [main] .s.b.a.l.ConditionEvaluationReportLogger : 

Error starting ApplicationContext. To display the condition evaluation report re-run your application with 'debug' enabled.
2026-02-26T20:55:48.536+01:00 ERROR 8808 --- [main] o.s.b.d.LoggingFailureAnalysisReporter   : 

***************************
APPLICATION FAILED TO START
***************************

Description:

Web server failed to start. Port 8080 was already in use.

Action:

Identify and stop the process that's listening on port 8080 or configure this application to listen on another port.

2026-02-26T20:56:07.990+01:00  INFO 26840 --- [http-nio-127.0.0.1-8080-exec-2] o.a.c.c.C.[Tomcat].[localhost].[/]       : Initializing Spring DispatcherServlet 'dispatcherServlet'
2026-02-26T20:56:07.991+01:00  INFO 26840 --- [http-nio-127.0.0.1-8080-exec-2] o.s.web.servlet.DispatcherServlet        : Initializing Servlet 'dispatcherServlet'
2026-02-26T20:56:07.994+01:00  INFO 26840 --- [http-nio-127.0.0.1-8080-exec-2] o.s.web.servlet.DispatcherServlet        : Completed initialization in 1 ms
2026-02-26T20:58:36.022+01:00  WARN 26840 --- [http-nio-127.0.0.1-8080-exec-5] .w.s.m.s.DefaultHandlerExceptionResolver : Resolved [org.springframework.web.HttpRequestMethodNotSupportedException: Request method 'GET' is not supported]
2026-02-26T21:00:13.008+01:00  INFO 28848 --- [main] com.App                                  : Starting App using Java 21.0.8 with PID 28848 (C:\Users\abelqasm\Desktop\Clean-Archi\my-java-app\target\classes started by abelqasm in C:\Users\abelqasm\Desktop\Clean-Archi\my-java-app)
2026-02-26T21:00:13.010+01:00  INFO 28848 --- [main] com.App                                  : No active profile set, falling back to 1 default profile: "default"
2026-02-26T21:00:13.589+01:00  INFO 28848 --- [main] o.s.b.w.embedded.tomcat.TomcatWebServer  : Tomcat initialized with port 8080 (http)
2026-02-26T21:00:13.599+01:00  INFO 28848 --- [main] o.apache.catalina.core.StandardService   : Starting service [Tomcat]
2026-02-26T21:00:13.600+01:00  INFO 28848 --- [main] o.apache.catalina.core.StandardEngine    : Starting Servlet engine: [Apache Tomcat/10.1.18]
2026-02-26T21:00:13.630+01:00  INFO 28848 --- [main] o.a.c.c.C.[Tomcat].[localhost].[/]       : Initializing Spring embedded WebApplicationContext
2026-02-26T21:00:13.630+01:00  INFO 28848 --- [main] w.s.c.ServletWebServerApplicationContext : Root WebApplicationContext: initialization completed in 589 ms
2026-02-26T21:00:13.816+01:00  WARN 28848 --- [main] ConfigServletWebServerApplicationContext : Exception encountered during context initialization - cancelling refresh attempt: org.springframework.context.ApplicationContextException: Failed to start bean 'webServerStartStop'
2026-02-26T21:00:13.824+01:00  INFO 28848 --- [main] .s.b.a.l.ConditionEvaluationReportLogger : 

Error starting ApplicationContext. To display the condition evaluation report re-run your application with 'debug' enabled.
2026-02-26T21:00:13.836+01:00 ERROR 28848 --- [main] o.s.b.d.LoggingFailureAnalysisReporter   : 

***************************
APPLICATION FAILED TO START
***************************

Description:

Web server failed to start. Port 8080 was already in use.

Action:

Identify and stop the process that's listening on port 8080 or configure this application to listen on another port.

